<?xml version="1.0" encoding="UTF-8"?>
<!-- Generated by org.testng.reporters.JUnitXMLReporter -->
<testsuite ignored="0" hostname="Mokshi" failures="0" tests="3" name="Default test" time="5.024" errors="0" timestamp="2025-03-14T00:39:10 CDT">
  <testcase classname="test.Base" name="title" time="0.018"/>
  <testcase classname="test.HomePageTest" name="navigateToAboutUsPage" time="0.869"/>
  <testcase classname="test.HomePageTest" name="verifyHomePageTitle" time="0.012"/>
</testsuite> <!-- Default test -->
