<?xml version="1.0" encoding="UTF-8"?>
<!-- Generated by org.testng.reporters.JUnitXMLReporter -->
<testsuite ignored="0" hostname="Mokshi" failures="1" tests="3" name="Test" time="6.572" errors="0" timestamp="2025-03-14T00:41:55 CDT">
  <testcase classname="test.Base" name="title" time="0.025"/>
  <testcase classname="test.HomePageTest" name="verifyHomePageTitle" time="0.085">
    <failure type="java.lang.AssertionError" message="Title mismatch expected [About us – RNS Equity] but found [RNS Equity]">
      <![CDATA[java.lang.AssertionError: Title mismatch expected [About us – RNS Equity] but found [RNS Equity]
at test.HomePageTest.verifyHomePageTitle(HomePageTest.java:20)
at java.base/java.util.concurrent.ThreadPoolExecutor.runWorker(ThreadPoolExecutor.java:1144)
at java.base/java.util.concurrent.ThreadPoolExecutor$Worker.run(ThreadPoolExecutor.java:642)
at java.base/java.lang.Thread.run(Thread.java:1570)
... Removed 15 stack frames]]>
    </failure>
  </testcase> <!-- verifyHomePageTitle -->
  <testcase classname="test.HomePageTest" name="navigateToAboutUsPage" time="0.989"/>
</testsuite> <!-- Test -->
