<?xml version="1.0" encoding="UTF-8"?>
<testng-results ignored="0" total="2" passed="2" failed="0" skipped="0">
  <reporter-output>
  </reporter-output>
  <suite started-at="2025-03-14T00:49:59 CDT" name="Default suite" finished-at="2025-03-14T00:50:05 CDT" duration-ms="5779">
    <groups>
    </groups>
    <test started-at="2025-03-14T00:49:59 CDT" name="Default test" finished-at="2025-03-14T00:50:05 CDT" duration-ms="5779">
      <class name="test.HomePageTest">
        <test-method is-config="true" signature="setup()[pri:0, instance:test.HomePageTest@3d5c822d]" started-at="2025-03-14T00:49:59 CDT" name="setup" finished-at="2025-03-14T00:50:04 CDT" duration-ms="4660" status="PASS">
          <reporter-output>
          </reporter-output>
        </test-method> <!-- setup -->
        <test-method signature="navigateToAboutUsPage()[pri:0, instance:test.HomePageTest@3d5c822d]" started-at="2025-03-14T00:50:04 CDT" name="navigateToAboutUsPage" finished-at="2025-03-14T00:50:05 CDT" duration-ms="817" status="PASS">
          <reporter-output>
          </reporter-output>
        </test-method> <!-- navigateToAboutUsPage -->
        <test-method signature="verifyHomePageTitle()[pri:0, instance:test.HomePageTest@3d5c822d]" started-at="2025-03-14T00:50:05 CDT" name="verifyHomePageTitle" finished-at="2025-03-14T00:50:05 CDT" duration-ms="14" status="PASS">
          <reporter-output>
          </reporter-output>
        </test-method> <!-- verifyHomePageTitle -->
        <test-method is-config="true" signature="tearDown()[pri:0, instance:test.HomePageTest@3d5c822d]" started-at="2025-03-14T00:50:05 CDT" name="tearDown" finished-at="2025-03-14T00:50:05 CDT" duration-ms="248" status="PASS">
          <reporter-output>
          </reporter-output>
        </test-method> <!-- tearDown -->
      </class> <!-- test.HomePageTest -->
    </test> <!-- Default test -->
  </suite> <!-- Default suite -->
</testng-results>
