<?xml version="1.0" encoding="UTF-8"?>
<testsuite xmlns:xsi="http://www.w3.org/2001/XMLSchema-instance" xsi:noNamespaceSchemaLocation="https://maven.apache.org/surefire/maven-surefire-plugin/xsd/surefire-test-report-3.0.xsd" version="3.0" name="TestSuite" time="6.153" tests="3" errors="0" skipped="0" failures="1">
  <properties>
[...]
</properties>
  <testcase name="title" classname="test.HomePageTest" time="0.057">
    <system-out><![CDATA[00:39:48.316 [main] DEBUG org.testng.TestNG -- suiteXmlPath: "C:\Users\Nihir\git\diares\testng.xml"
00:39:48.747 [TestNG-test=Test-1] DEBUG io.github.bonigarcia.wdm.WebDriverManager -- Using WebDriverManager 5.9.3
00:39:49.180 [TestNG-test=Test-1] DEBUG io.github.bonigarcia.wdm.cache.ResolutionCache -- Resolution chrome=134 in cache (valid until 01:26:26 14/03/2025 CDT)
00:39:49.181 [TestNG-test=Test-1] DEBUG io.github.bonigarcia.wdm.cache.ResolutionCache -- Resolution chrome134=134.0.6998.88 in cache (valid until 16:54:36 14/03/2025 CDT)
00:39:49.182 [TestNG-test=Test-1] INFO io.github.bonigarcia.wdm.WebDriverManager -- Using chromedriver 134.0.6998.88 (resolved driver for Chrome 134)
00:39:49.249 [TestNG-test=Test-1] DEBUG io.github.bonigarcia.wdm.WebDriverManager -- Driver chromedriver 134.0.6998.88 found in cache
00:39:49.251 [TestNG-test=Test-1] INFO io.github.bonigarcia.wdm.WebDriverManager -- Exporting webdriver.chrome.driver as C:\Users\Nihir\.cache\selenium\chromedriver\win64\134.0.6998.88\chromedriver.exe
00:39:49.420 [TestNG-test=Test-1] DEBUG io.netty.util.internal.logging.InternalLoggerFactory -- Using SLF4J as the default logging framework
00:39:49.423 [TestNG-test=Test-1] DEBUG io.netty.util.ResourceLeakDetector -- -Dio.netty.leakDetection.level: simple
00:39:49.424 [TestNG-test=Test-1] DEBUG io.netty.util.ResourceLeakDetector -- -Dio.netty.leakDetection.targetRecords: 4
00:39:49.430 [TestNG-test=Test-1] DEBUG io.netty.util.ResourceLeakDetectorFactory -- Loaded default ResourceLeakDetector: io.netty.util.ResourceLeakDetector@2d779b7e
00:39:49.464 [TestNG-test=Test-1] DEBUG io.netty.util.internal.PlatformDependent0 -- -Dio.netty.noUnsafe: false
00:39:49.464 [TestNG-test=Test-1] DEBUG io.netty.util.internal.PlatformDependent0 -- Java version: 22
00:39:49.467 [TestNG-test=Test-1] DEBUG io.netty.util.internal.PlatformDependent0 -- sun.misc.Unsafe.theUnsafe: available
00:39:49.468 [TestNG-test=Test-1] DEBUG io.netty.util.internal.PlatformDependent0 -- sun.misc.Unsafe.copyMemory: available
00:39:49.469 [TestNG-test=Test-1] DEBUG io.netty.util.internal.PlatformDependent0 -- sun.misc.Unsafe.storeFence: available
00:39:49.470 [TestNG-test=Test-1] DEBUG io.netty.util.internal.PlatformDependent0 -- java.nio.Buffer.address: available
00:39:49.471 [TestNG-test=Test-1] DEBUG io.netty.util.internal.PlatformDependent0 -- direct buffer constructor: unavailable: java.nio.DirectByteBuffer.<init>(long,int)
00:39:49.472 [TestNG-test=Test-1] DEBUG io.netty.util.internal.PlatformDependent0 -- java.nio.Bits.unaligned: available, true
00:39:49.475 [TestNG-test=Test-1] DEBUG io.netty.util.internal.PlatformDependent0 -- jdk.internal.misc.Unsafe.allocateUninitializedArray(int): unavailable: class io.netty.util.internal.PlatformDependent0$7 cannot access class jdk.internal.misc.Unsafe (in module java.base) because module java.base does not export jdk.internal.misc to unnamed module @4afcd809
00:39:49.476 [TestNG-test=Test-1] DEBUG io.netty.util.internal.PlatformDependent0 -- java.nio.DirectByteBuffer.<init>(long, int): unavailable
00:39:49.477 [TestNG-test=Test-1] DEBUG io.netty.util.internal.PlatformDependent -- sun.misc.Unsafe: available
00:39:49.479 [TestNG-test=Test-1] DEBUG io.netty.util.internal.PlatformDependent -- maxDirectMemory: 4234149888 bytes (maybe)
00:39:49.479 [TestNG-test=Test-1] DEBUG io.netty.util.internal.PlatformDependent -- -Dio.netty.tmpdir: C:\Users\Nihir\AppData\Local\Temp (java.io.tmpdir)
00:39:49.479 [TestNG-test=Test-1] DEBUG io.netty.util.internal.PlatformDependent -- -Dio.netty.bitMode: 64 (sun.arch.data.model)
00:39:49.480 [TestNG-test=Test-1] DEBUG io.netty.util.internal.PlatformDependent -- Platform: Windows
00:39:49.481 [TestNG-test=Test-1] DEBUG io.netty.util.internal.PlatformDependent -- -Dio.netty.maxDirectMemory: -1 bytes
00:39:49.481 [TestNG-test=Test-1] DEBUG io.netty.util.internal.PlatformDependent -- -Dio.netty.uninitializedArrayAllocationThreshold: -1
00:39:49.484 [TestNG-test=Test-1] DEBUG io.netty.util.internal.CleanerJava9 -- java.nio.ByteBuffer.cleaner(): available
00:39:49.486 [TestNG-test=Test-1] DEBUG io.netty.util.internal.PlatformDependent -- -Dio.netty.noPreferDirect: false
00:39:49.497 [TestNG-test=Test-1] DEBUG io.netty.util.internal.PlatformDependent -- org.jctools-core.MpscChunkedArrayQueue: available
00:39:49.524 [TestNG-test=Test-1] DEBUG io.netty.util.internal.InternalThreadLocalMap -- -Dio.netty.threadLocalMap.stringBuilder.initialSize: 1024
00:39:49.524 [TestNG-test=Test-1] DEBUG io.netty.util.internal.InternalThreadLocalMap -- -Dio.netty.threadLocalMap.stringBuilder.maxSize: 4096
00:39:49.598 [TestNG-test=Test-1] DEBUG io.netty.handler.ssl.JdkSslContext -- Default protocols (JDK): [TLSv1.3, TLSv1.2] 
00:39:49.598 [TestNG-test=Test-1] DEBUG io.netty.handler.ssl.JdkSslContext -- Default cipher suites (JDK): [TLS_ECDHE_ECDSA_WITH_AES_256_GCM_SHA384, TLS_ECDHE_ECDSA_WITH_AES_128_GCM_SHA256, TLS_ECDHE_RSA_WITH_AES_128_GCM_SHA256, TLS_ECDHE_RSA_WITH_AES_256_GCM_SHA384, TLS_ECDHE_RSA_WITH_AES_128_CBC_SHA, TLS_ECDHE_RSA_WITH_AES_256_CBC_SHA, TLS_RSA_WITH_AES_128_GCM_SHA256, TLS_RSA_WITH_AES_128_CBC_SHA, TLS_RSA_WITH_AES_256_CBC_SHA, TLS_AES_128_GCM_SHA256, TLS_AES_256_GCM_SHA384]
00:39:49.616 [TestNG-test=Test-1] DEBUG io.netty.util.concurrent.GlobalEventExecutor -- -Dio.netty.globalEventExecutor.quietPeriodSeconds: 1
00:39:49.631 [TestNG-test=Test-1] DEBUG io.netty.channel.MultithreadEventLoopGroup -- -Dio.netty.eventLoopThreads: 16
00:39:49.640 [TestNG-test=Test-1] DEBUG io.netty.channel.nio.NioEventLoop -- -Dio.netty.noKeySetOptimization: false
00:39:49.640 [TestNG-test=Test-1] DEBUG io.netty.channel.nio.NioEventLoop -- -Dio.netty.selectorAutoRebuildThreshold: 512
00:39:49.716 [TestNG-test=Test-1] DEBUG io.netty.buffer.PooledByteBufAllocator -- -Dio.netty.allocator.numHeapArenas: 16
00:39:49.716 [TestNG-test=Test-1] DEBUG io.netty.buffer.PooledByteBufAllocator -- -Dio.netty.allocator.numDirectArenas: 16
00:39:49.716 [TestNG-test=Test-1] DEBUG io.netty.buffer.PooledByteBufAllocator -- -Dio.netty.allocator.pageSize: 8192
00:39:49.716 [TestNG-test=Test-1] DEBUG io.netty.buffer.PooledByteBufAllocator -- -Dio.netty.allocator.maxOrder: 9
00:39:49.716 [TestNG-test=Test-1] DEBUG io.netty.buffer.PooledByteBufAllocator -- -Dio.netty.allocator.chunkSize: 4194304
00:39:49.716 [TestNG-test=Test-1] DEBUG io.netty.buffer.PooledByteBufAllocator -- -Dio.netty.allocator.smallCacheSize: 256
00:39:49.716 [TestNG-test=Test-1] DEBUG io.netty.buffer.PooledByteBufAllocator -- -Dio.netty.allocator.normalCacheSize: 64
00:39:49.716 [TestNG-test=Test-1] DEBUG io.netty.buffer.PooledByteBufAllocator -- -Dio.netty.allocator.maxCachedBufferCapacity: 32768
00:39:49.717 [TestNG-test=Test-1] DEBUG io.netty.buffer.PooledByteBufAllocator -- -Dio.netty.allocator.cacheTrimInterval: 8192
00:39:49.717 [TestNG-test=Test-1] DEBUG io.netty.buffer.PooledByteBufAllocator -- -Dio.netty.allocator.cacheTrimIntervalMillis: 0
00:39:49.717 [TestNG-test=Test-1] DEBUG io.netty.buffer.PooledByteBufAllocator -- -Dio.netty.allocator.useCacheForAllThreads: false
00:39:49.717 [TestNG-test=Test-1] DEBUG io.netty.buffer.PooledByteBufAllocator -- -Dio.netty.allocator.maxCachedByteBuffersPerChunk: 1023
00:39:49.728 [TestNG-test=Test-1] DEBUG io.netty.buffer.ByteBufUtil -- -Dio.netty.allocator.type: pooled
00:39:49.728 [TestNG-test=Test-1] DEBUG io.netty.buffer.ByteBufUtil -- -Dio.netty.threadLocalDirectBufferSize: 0
00:39:49.728 [TestNG-test=Test-1] DEBUG io.netty.buffer.ByteBufUtil -- -Dio.netty.maxThreadLocalCharBufferSize: 16384
00:39:50.173 [Forwarding newSession on session null to remote] DEBUG io.netty.channel.DefaultChannelId -- -Dio.netty.processId: 25460 (auto-detected)
00:39:50.177 [Forwarding newSession on session null to remote] DEBUG io.netty.util.NetUtil -- -Djava.net.preferIPv4Stack: false
00:39:50.178 [Forwarding newSession on session null to remote] DEBUG io.netty.util.NetUtil -- -Djava.net.preferIPv6Addresses: false
00:39:50.186 [Forwarding newSession on session null to remote] DEBUG io.netty.util.NetUtilInitializations -- Loopback interface: loopback_0 (Software Loopback Interface 1, 0:0:0:0:0:0:0:1)
00:39:50.188 [Forwarding newSession on session null to remote] DEBUG io.netty.util.NetUtil -- Failed to get SOMAXCONN from sysctl and file \proc\sys\net\core\somaxconn. Default: 200
00:39:50.191 [Forwarding newSession on session null to remote] DEBUG io.netty.channel.DefaultChannelId -- -Dio.netty.machineId: 00:ff:d5:ff:fe:43:ee:e3 (auto-detected)
00:39:50.290 [AsyncHttpClient-1-2] DEBUG io.netty.buffer.AbstractByteBuf -- -Dio.netty.buffer.checkAccessible: true
00:39:50.290 [AsyncHttpClient-1-2] DEBUG io.netty.buffer.AbstractByteBuf -- -Dio.netty.buffer.checkBounds: true
00:39:50.290 [AsyncHttpClient-1-2] DEBUG io.netty.util.ResourceLeakDetectorFactory -- Loaded default ResourceLeakDetector: io.netty.util.ResourceLeakDetector@3a74765e
00:39:50.312 [AsyncHttpClient-1-2] DEBUG org.asynchttpclient.netty.channel.NettyConnectListener -- Using new Channel '[id: 0x1376500d, L:/127.0.0.1:53247 - R:localhost/127.0.0.1:29763]' for 'POST' to '/session'
00:39:50.340 [AsyncHttpClient-1-2] DEBUG io.netty.util.Recycler -- -Dio.netty.recycler.maxCapacityPerThread: 4096
00:39:50.340 [AsyncHttpClient-1-2] DEBUG io.netty.util.Recycler -- -Dio.netty.recycler.ratio: 8
00:39:50.340 [AsyncHttpClient-1-2] DEBUG io.netty.util.Recycler -- -Dio.netty.recycler.chunkSize: 32
00:39:50.340 [AsyncHttpClient-1-2] DEBUG io.netty.util.Recycler -- -Dio.netty.recycler.blocking: false
00:39:50.340 [AsyncHttpClient-1-2] DEBUG io.netty.util.Recycler -- -Dio.netty.recycler.batchFastThreadLocalOnly: true
00:39:51.084 [AsyncHttpClient-1-2] DEBUG io.netty.handler.codec.compression.Brotli -- brotli4j not in the classpath; Brotli support will be unavailable.
00:39:51.084 [AsyncHttpClient-1-2] DEBUG org.asynchttpclient.netty.handler.HttpHandler -- 

Request DefaultHttpRequest(decodeResult: success, version: HTTP/1.1)
POST /session HTTP/1.1
User-Agent: selenium/4.10.0 (java windows)
Content-Length: 254
Content-Type: application/json; charset=utf-8
host: localhost:29763
accept: */*

Response DefaultHttpResponse(decodeResult: success, version: HTTP/1.1)
HTTP/1.1 200 OK
Content-Length: 882
Content-Type: application/json; charset=utf-8
cache-control: no-cache

00:39:51.093 [AsyncHttpClient-1-2] DEBUG org.asynchttpclient.netty.channel.ChannelManager -- Adding key: http://localhost:29763 for channel [id: 0x1376500d, L:/127.0.0.1:53247 - R:localhost/127.0.0.1:29763]
00:39:51.269 [AsyncHttpClient-1-3] DEBUG org.asynchttpclient.netty.channel.NettyConnectListener -- Using new Channel '[id: 0x38ab768d, L:/127.0.0.1:53255 - R:localhost/127.0.0.1:53248]' for 'GET' to '/json/version'
00:39:51.275 [AsyncHttpClient-1-3] DEBUG org.asynchttpclient.netty.handler.HttpHandler -- 

Request DefaultFullHttpRequest(decodeResult: success, version: HTTP/1.1, content: EmptyByteBufBE)
GET /json/version HTTP/1.1
User-Agent: selenium/4.10.0 (java windows)
host: localhost:53248
accept: */*

Response DefaultHttpResponse(decodeResult: success, version: HTTP/1.1)
HTTP/1.1 200 OK
Content-Security-Policy: frame-ancestors 'none'
Content-Length: 423
Content-Type: application/json; charset=UTF-8

00:39:51.277 [AsyncHttpClient-1-3] DEBUG org.asynchttpclient.netty.channel.ChannelManager -- Adding key: http://localhost:53248 for channel [id: 0x38ab768d, L:/127.0.0.1:53255 - R:localhost/127.0.0.1:53248]
00:39:51.293 [TestNG-test=Test-1] DEBUG io.netty.util.internal.ThreadLocalRandom -- -Dio.netty.initialSeedUniquifier: 0x43f933b7bcbf8d0d
00:39:51.304 [AsyncHttpClient-1-4] DEBUG org.asynchttpclient.netty.channel.NettyConnectListener -- Using new Channel '[id: 0x4918ca3f, L:/127.0.0.1:53256 - R:localhost/127.0.0.1:53248]' for 'GET' to '/devtools/browser/87cf4e2f-1eb1-4f98-b941-4ec99c30f54f'
00:39:51.308 [AsyncHttpClient-1-4] DEBUG org.asynchttpclient.netty.handler.WebSocketHandler -- 

Request DefaultFullHttpRequest(decodeResult: success, version: HTTP/1.1, content: EmptyByteBufBE)
GET /devtools/browser/87cf4e2f-1eb1-4f98-b941-4ec99c30f54f HTTP/1.1
upgrade: websocket
connection: upgrade
sec-websocket-key: QZk1LUGyThjwpeF9CKmikw==
sec-websocket-version: 13
origin: http://localhost:53248
host: localhost:53248
accept: */*
user-agent: AHC/2.1

Response DefaultHttpResponse(decodeResult: success, version: HTTP/1.1)
HTTP/1.1 101 WebSocket Protocol Handshake
Upgrade: WebSocket
Connection: Upgrade
Sec-WebSocket-Accept: SU9H1P/VU7KJUSmrXOblfXJK2y4=

00:39:51.384 [Forwarding maximizeCurrentWindow on session 47307428d059da5efd76cfd64e6d58d0 to remote] DEBUG org.asynchttpclient.netty.request.NettyRequestSender -- Using pooled Channel '[id: 0x1376500d, L:/127.0.0.1:53247 - R:localhost/127.0.0.1:29763]' for 'POST' to 'http://localhost:29763/session/47307428d059da5efd76cfd64e6d58d0/window/maximize'
00:39:51.385 [Forwarding maximizeCurrentWindow on session 47307428d059da5efd76cfd64e6d58d0 to remote] DEBUG org.asynchttpclient.netty.request.NettyRequestSender -- Using open Channel [id: 0x1376500d, L:/127.0.0.1:53247 - R:localhost/127.0.0.1:29763] for POST '/session/47307428d059da5efd76cfd64e6d58d0/window/maximize'
00:39:51.449 [AsyncHttpClient-1-2] DEBUG org.asynchttpclient.netty.handler.HttpHandler -- 

Request DefaultHttpRequest(decodeResult: success, version: HTTP/1.1)
POST /session/47307428d059da5efd76cfd64e6d58d0/window/maximize HTTP/1.1
User-Agent: selenium/4.10.0 (java windows)
Content-Length: 3
Content-Type: application/json; charset=utf-8
host: localhost:29763
accept: */*

Response DefaultHttpResponse(decodeResult: success, version: HTTP/1.1)
HTTP/1.1 200 OK
Content-Length: 52
Content-Type: application/json; charset=utf-8
cache-control: no-cache

00:39:51.450 [AsyncHttpClient-1-2] DEBUG org.asynchttpclient.netty.channel.ChannelManager -- Adding key: http://localhost:29763 for channel [id: 0x1376500d, L:/127.0.0.1:53247 - R:localhost/127.0.0.1:29763]
00:39:51.454 [Forwarding get on session 47307428d059da5efd76cfd64e6d58d0 to remote] DEBUG org.asynchttpclient.netty.request.NettyRequestSender -- Using pooled Channel '[id: 0x1376500d, L:/127.0.0.1:53247 - R:localhost/127.0.0.1:29763]' for 'POST' to 'http://localhost:29763/session/47307428d059da5efd76cfd64e6d58d0/url'
00:39:51.454 [Forwarding get on session 47307428d059da5efd76cfd64e6d58d0 to remote] DEBUG org.asynchttpclient.netty.request.NettyRequestSender -- Using open Channel [id: 0x1376500d, L:/127.0.0.1:53247 - R:localhost/127.0.0.1:29763] for POST '/session/47307428d059da5efd76cfd64e6d58d0/url'
00:39:51.809 [AsyncHttpClient-1-1] DEBUG org.asynchttpclient.netty.channel.DefaultChannelPool -- Entry count for : http://localhost:53248 : 1
00:39:52.771 [AsyncHttpClient-1-2] DEBUG org.asynchttpclient.netty.handler.HttpHandler -- 

Request DefaultHttpRequest(decodeResult: success, version: HTTP/1.1)
POST /session/47307428d059da5efd76cfd64e6d58d0/url HTTP/1.1
User-Agent: selenium/4.10.0 (java windows)
Content-Length: 56
Content-Type: application/json; charset=utf-8
host: localhost:29763
accept: */*

Response DefaultHttpResponse(decodeResult: success, version: HTTP/1.1)
HTTP/1.1 200 OK
Content-Length: 14
Content-Type: application/json; charset=utf-8
cache-control: no-cache

00:39:52.771 [AsyncHttpClient-1-2] DEBUG org.asynchttpclient.netty.channel.ChannelManager -- Adding key: http://localhost:29763 for channel [id: 0x1376500d, L:/127.0.0.1:53247 - R:localhost/127.0.0.1:29763]
00:39:52.792 [Forwarding getTitle on session 47307428d059da5efd76cfd64e6d58d0 to remote] DEBUG org.asynchttpclient.netty.request.NettyRequestSender -- Using pooled Channel '[id: 0x1376500d, L:/127.0.0.1:53247 - R:localhost/127.0.0.1:29763]' for 'GET' to 'http://localhost:29763/session/47307428d059da5efd76cfd64e6d58d0/title'
00:39:52.792 [Forwarding getTitle on session 47307428d059da5efd76cfd64e6d58d0 to remote] DEBUG org.asynchttpclient.netty.request.NettyRequestSender -- Using open Channel [id: 0x1376500d, L:/127.0.0.1:53247 - R:localhost/127.0.0.1:29763] for GET '/session/47307428d059da5efd76cfd64e6d58d0/title'
00:39:52.800 [AsyncHttpClient-1-5] DEBUG org.asynchttpclient.netty.channel.NettyConnectListener -- Using new Channel '[id: 0x80bf894a, L:/127.0.0.1:53270 - R:localhost/127.0.0.1:29763]' for 'GET' to '/session/47307428d059da5efd76cfd64e6d58d0/title'
00:39:52.813 [AsyncHttpClient-1-2] DEBUG org.asynchttpclient.netty.handler.HttpHandler -- 

Request DefaultFullHttpRequest(decodeResult: success, version: HTTP/1.1, content: EmptyByteBufBE)
GET /session/47307428d059da5efd76cfd64e6d58d0/title HTTP/1.1
User-Agent: selenium/4.10.0 (java windows)
Cache-Control: no-cache
Content-Type: application/json; charset=utf-8
host: localhost:29763
accept: */*

Response DefaultHttpResponse(decodeResult: success, version: HTTP/1.1)
HTTP/1.1 200 OK
Content-Length: 22
Content-Type: application/json; charset=utf-8
cache-control: no-cache

00:39:52.814 [AsyncHttpClient-1-2] DEBUG org.asynchttpclient.netty.channel.ChannelManager -- Adding key: http://localhost:29763 for channel [id: 0x1376500d, L:/127.0.0.1:53247 - R:localhost/127.0.0.1:29763]
actual titile is RNS Equity
00:39:52.841 [AsyncHttpClient-1-5] DEBUG org.asynchttpclient.netty.handler.HttpHandler -- 

Request DefaultFullHttpRequest(decodeResult: success, version: HTTP/1.1, content: EmptyByteBufBE)
GET /session/47307428d059da5efd76cfd64e6d58d0/title HTTP/1.1
User-Agent: selenium/4.10.0 (java windows)
Cache-Control: no-cache
Content-Type: application/json; charset=utf-8
host: localhost:29763
accept: */*

Response DefaultHttpResponse(decodeResult: success, version: HTTP/1.1)
HTTP/1.1 200 OK
Content-Length: 22
Content-Type: application/json; charset=utf-8
cache-control: no-cache

00:39:52.841 [AsyncHttpClient-1-5] DEBUG org.asynchttpclient.netty.channel.ChannelManager -- Adding key: http://localhost:29763 for channel [id: 0x80bf894a, L:/127.0.0.1:53270 - R:localhost/127.0.0.1:29763]
RNS Equity
]]></system-out>
    <system-err><![CDATA[Mar 14, 2025 12:39:49 AM org.openqa.selenium.remote.service.DriverService$Builder getLogOutput
INFO: Driver logs no longer sent to console by default; https://www.selenium.dev/documentation/webdriver/drivers/service/#setting-log-output
Mar 14, 2025 12:39:51 AM org.openqa.selenium.devtools.CdpVersionFinder findNearestMatch
WARNING: Unable to find CDP implementation matching 134
Mar 14, 2025 12:39:51 AM org.openqa.selenium.chromium.ChromiumDriver lambda$new$4
WARNING: Unable to find version of CDP to use for . You may need to include a dependency on a specific version of the CDP using something similar to `org.seleniumhq.selenium:selenium-devtools-v86:4.10.0` where the version ("v86") matches the version of the chromium-based browser you're using and the version number of the artifact is the same as Selenium's.
]]></system-err>
  </testcase>
  <testcase name="verifyHomePageTitle" classname="test.HomePageTest" time="0.062">
    <failure message="Title mismatch expected [About us – RNS Equity] but found [RNS Equity]" type="java.lang.AssertionError"><![CDATA[java.lang.AssertionError: Title mismatch expected [About us – RNS Equity] but found [RNS Equity]
	at org.testng.Assert.fail(Assert.java:111)
	at org.testng.Assert.failNotEquals(Assert.java:1578)
	at org.testng.Assert.assertEqualsImpl(Assert.java:150)
	at org.testng.Assert.assertEquals(Assert.java:132)
	at org.testng.Assert.assertEquals(Assert.java:656)
	at test.HomePageTest.verifyHomePageTitle(HomePageTest.java:20)
	at java.base/jdk.internal.reflect.DirectMethodHandleAccessor.invoke(DirectMethodHandleAccessor.java:103)
	at java.base/java.lang.reflect.Method.invoke(Method.java:580)
	at org.testng.internal.invokers.MethodInvocationHelper.invokeMethod(MethodInvocationHelper.java:139)
	at org.testng.internal.invokers.TestInvoker.invokeMethod(TestInvoker.java:664)
	at org.testng.internal.invokers.TestInvoker.invokeTestMethod(TestInvoker.java:227)
	at org.testng.internal.invokers.MethodRunner.runInSequence(MethodRunner.java:50)
	at org.testng.internal.invokers.TestInvoker$MethodInvocationAgent.invoke(TestInvoker.java:957)
	at org.testng.internal.invokers.TestInvoker.invokeTestMethods(TestInvoker.java:200)
	at org.testng.internal.invokers.TestMethodWorker.invokeTestMethods(TestMethodWorker.java:148)
	at org.testng.internal.invokers.TestMethodWorker.run(TestMethodWorker.java:128)
	at java.base/java.util.concurrent.ThreadPoolExecutor.runWorker(ThreadPoolExecutor.java:1144)
	at java.base/java.util.concurrent.ThreadPoolExecutor$Worker.run(ThreadPoolExecutor.java:642)
	at java.base/java.lang.Thread.run(Thread.java:1570)
]]></failure>
  </testcase>
  <testcase name="navigateToAboutUsPage" classname="test.HomePageTest" time="1.018">
    <system-out><![CDATA[00:39:52.854 [Forwarding findElement on session 47307428d059da5efd76cfd64e6d58d0 to remote] DEBUG org.asynchttpclient.netty.request.NettyRequestSender -- Using pooled Channel '[id: 0x80bf894a, L:/127.0.0.1:53270 - R:localhost/127.0.0.1:29763]' for 'POST' to 'http://localhost:29763/session/47307428d059da5efd76cfd64e6d58d0/element'
00:39:52.854 [Forwarding findElement on session 47307428d059da5efd76cfd64e6d58d0 to remote] DEBUG org.asynchttpclient.netty.request.NettyRequestSender -- Using open Channel [id: 0x80bf894a, L:/127.0.0.1:53270 - R:localhost/127.0.0.1:29763] for POST '/session/47307428d059da5efd76cfd64e6d58d0/element'
00:39:52.892 [AsyncHttpClient-1-5] DEBUG org.asynchttpclient.netty.handler.HttpHandler -- 

Request DefaultHttpRequest(decodeResult: success, version: HTTP/1.1)
POST /session/47307428d059da5efd76cfd64e6d58d0/element HTTP/1.1
User-Agent: selenium/4.10.0 (java windows)
Content-Length: 78
Content-Type: application/json; charset=utf-8
host: localhost:29763
accept: */*

Response DefaultHttpResponse(decodeResult: success, version: HTTP/1.1)
HTTP/1.1 200 OK
Content-Length: 126
Content-Type: application/json; charset=utf-8
cache-control: no-cache

00:39:52.893 [AsyncHttpClient-1-5] DEBUG org.asynchttpclient.netty.channel.ChannelManager -- Adding key: http://localhost:29763 for channel [id: 0x80bf894a, L:/127.0.0.1:53270 - R:localhost/127.0.0.1:29763]
00:39:52.901 [Forwarding clickElement on session 47307428d059da5efd76cfd64e6d58d0 to remote] DEBUG org.asynchttpclient.netty.request.NettyRequestSender -- Using pooled Channel '[id: 0x80bf894a, L:/127.0.0.1:53270 - R:localhost/127.0.0.1:29763]' for 'POST' to 'http://localhost:29763/session/47307428d059da5efd76cfd64e6d58d0/element/f.CC5869A40467423C9BDCE18DF63FF7BC.d.69136B545F321E1DAB48B369524B4FCB.e.27/click'
00:39:52.902 [Forwarding clickElement on session 47307428d059da5efd76cfd64e6d58d0 to remote] DEBUG org.asynchttpclient.netty.request.NettyRequestSender -- Using open Channel [id: 0x80bf894a, L:/127.0.0.1:53270 - R:localhost/127.0.0.1:29763] for POST '/session/47307428d059da5efd76cfd64e6d58d0/element/f.CC5869A40467423C9BDCE18DF63FF7BC.d.69136B545F321E1DAB48B369524B4FCB.e.27/click'
00:39:52.906 [AsyncHttpClient-1-1] DEBUG org.asynchttpclient.netty.channel.DefaultChannelPool -- Entry count for : http://localhost:29763 : 1
00:39:52.906 [AsyncHttpClient-1-1] DEBUG org.asynchttpclient.netty.channel.DefaultChannelPool -- Entry count for : http://localhost:53248 : 1
00:39:53.767 [AsyncHttpClient-1-5] DEBUG org.asynchttpclient.netty.handler.HttpHandler -- 

Request DefaultHttpRequest(decodeResult: success, version: HTTP/1.1)
POST /session/47307428d059da5efd76cfd64e6d58d0/element/f.CC5869A40467423C9BDCE18DF63FF7BC.d.69136B545F321E1DAB48B369524B4FCB.e.27/click HTTP/1.1
User-Agent: selenium/4.10.0 (java windows)
Content-Length: 88
Content-Type: application/json; charset=utf-8
host: localhost:29763
accept: */*

Response DefaultHttpResponse(decodeResult: success, version: HTTP/1.1)
HTTP/1.1 200 OK
Content-Length: 14
Content-Type: application/json; charset=utf-8
cache-control: no-cache

00:39:53.768 [AsyncHttpClient-1-5] DEBUG org.asynchttpclient.netty.channel.ChannelManager -- Adding key: http://localhost:29763 for channel [id: 0x80bf894a, L:/127.0.0.1:53270 - R:localhost/127.0.0.1:29763]
00:39:53.770 [Forwarding getCurrentUrl on session 47307428d059da5efd76cfd64e6d58d0 to remote] DEBUG org.asynchttpclient.netty.request.NettyRequestSender -- Using pooled Channel '[id: 0x80bf894a, L:/127.0.0.1:53270 - R:localhost/127.0.0.1:29763]' for 'GET' to 'http://localhost:29763/session/47307428d059da5efd76cfd64e6d58d0/url'
00:39:53.770 [Forwarding getCurrentUrl on session 47307428d059da5efd76cfd64e6d58d0 to remote] DEBUG org.asynchttpclient.netty.request.NettyRequestSender -- Using open Channel [id: 0x80bf894a, L:/127.0.0.1:53270 - R:localhost/127.0.0.1:29763] for GET '/session/47307428d059da5efd76cfd64e6d58d0/url'
00:39:53.798 [AsyncHttpClient-1-5] DEBUG org.asynchttpclient.netty.handler.HttpHandler -- 

Request DefaultFullHttpRequest(decodeResult: success, version: HTTP/1.1, content: EmptyByteBufBE)
GET /session/47307428d059da5efd76cfd64e6d58d0/url HTTP/1.1
User-Agent: selenium/4.10.0 (java windows)
Cache-Control: no-cache
Content-Type: application/json; charset=utf-8
host: localhost:29763
accept: */*

Response DefaultHttpResponse(decodeResult: success, version: HTTP/1.1)
HTTP/1.1 200 OK
Content-Length: 47
Content-Type: application/json; charset=utf-8
cache-control: no-cache

00:39:53.799 [AsyncHttpClient-1-5] DEBUG org.asynchttpclient.netty.channel.ChannelManager -- Adding key: http://localhost:29763 for channel [id: 0x80bf894a, L:/127.0.0.1:53270 - R:localhost/127.0.0.1:29763]
https://www.rnsequity.com/about-us/
00:39:53.800 [Forwarding getCurrentUrl on session 47307428d059da5efd76cfd64e6d58d0 to remote] DEBUG org.asynchttpclient.netty.request.NettyRequestSender -- Using pooled Channel '[id: 0x80bf894a, L:/127.0.0.1:53270 - R:localhost/127.0.0.1:29763]' for 'GET' to 'http://localhost:29763/session/47307428d059da5efd76cfd64e6d58d0/url'
00:39:53.800 [Forwarding getCurrentUrl on session 47307428d059da5efd76cfd64e6d58d0 to remote] DEBUG org.asynchttpclient.netty.request.NettyRequestSender -- Using open Channel [id: 0x80bf894a, L:/127.0.0.1:53270 - R:localhost/127.0.0.1:29763] for GET '/session/47307428d059da5efd76cfd64e6d58d0/url'
00:39:53.807 [AsyncHttpClient-1-5] DEBUG org.asynchttpclient.netty.handler.HttpHandler -- 

Request DefaultFullHttpRequest(decodeResult: success, version: HTTP/1.1, content: EmptyByteBufBE)
GET /session/47307428d059da5efd76cfd64e6d58d0/url HTTP/1.1
User-Agent: selenium/4.10.0 (java windows)
Cache-Control: no-cache
Content-Type: application/json; charset=utf-8
host: localhost:29763
accept: */*

Response DefaultHttpResponse(decodeResult: success, version: HTTP/1.1)
HTTP/1.1 200 OK
Content-Length: 47
Content-Type: application/json; charset=utf-8
cache-control: no-cache

00:39:53.807 [AsyncHttpClient-1-5] DEBUG org.asynchttpclient.netty.channel.ChannelManager -- Adding key: http://localhost:29763 for channel [id: 0x80bf894a, L:/127.0.0.1:53270 - R:localhost/127.0.0.1:29763]
]]></system-out>
  </testcase>
</testsuite>