<?xml version="1.0" encoding="UTF-8"?>
<testsuite xmlns:xsi="http://www.w3.org/2001/XMLSchema-instance" xsi:noNamespaceSchemaLocation="https://maven.apache.org/surefire/maven-surefire-plugin/xsd/surefire-test-report-3.0.xsd" version="3.0" name="TestSuite" time="6.3" tests="2" errors="0" skipped="0" failures="0">
  <properties>
[...]
</properties>
  <testcase name="navigateToAboutUsPage" classname="test.HomePageTest" time="0.976">
    <system-out><![CDATA[13:59:03.236 [main] DEBUG org.testng.TestNG -- suiteXmlPath: "C:\Users\Nihir\eclipse-workspace\diares\testng.xml"
13:59:03.655 [main] DEBUG io.github.bonigarcia.wdm.WebDriverManager -- Using WebDriverManager 5.6.2
13:59:04.112 [main] DEBUG io.github.bonigarcia.wdm.cache.ResolutionCache -- Resolution chrome=134 in cache (valid until 14:27:25 10/03/2025 CDT)
13:59:04.116 [main] DEBUG io.github.bonigarcia.wdm.cache.ResolutionCache -- Resolution chrome134=134.0.6998.35 in cache (valid until 12:27:11 11/03/2025 CDT)
13:59:04.118 [main] INFO io.github.bonigarcia.wdm.WebDriverManager -- Using chromedriver 134.0.6998.35 (resolved driver for Chrome 134)
13:59:04.184 [main] DEBUG io.github.bonigarcia.wdm.WebDriverManager -- Driver chromedriver 134.0.6998.35 found in cache
13:59:04.184 [main] INFO io.github.bonigarcia.wdm.WebDriverManager -- Exporting webdriver.chrome.driver as C:\Users\Nihir\.cache\selenium\chromedriver\win64\134.0.6998.35\chromedriver.exe
https://www.rnsequity.com/about-us/
]]></system-out>
    <system-err><![CDATA[Mar 10, 2025 1:59:05 PM org.openqa.selenium.devtools.CdpVersionFinder findNearestMatch
WARNING: Unable to find CDP implementation matching 134
Mar 10, 2025 1:59:05 PM org.openqa.selenium.chromium.ChromiumDriver lambda$new$5
WARNING: Unable to find version of CDP to use for 134.0.6998.36. You may need to include a dependency on a specific version of the CDP using something similar to `org.seleniumhq.selenium:selenium-devtools-v86:4.16.0` where the version ("v86") matches the version of the chromium-based browser you're using and the version number of the artifact is the same as Selenium's.
]]></system-err>
  </testcase>
  <testcase name="verifyHomePageTitle" classname="test.HomePageTest" time="0.011"/>
</testsuite>