<?xml version="1.0" encoding="UTF-8"?>
<testng-results ignored="0" total="2" passed="2" failed="0" skipped="0">
  <reporter-output>
  </reporter-output>
  <suite started-at="2025-03-10T13:59:03 CDT" name="Suite" finished-at="2025-03-10T13:59:09 CDT" duration-ms="5612">
    <groups>
    </groups>
    <test started-at="2025-03-10T13:59:03 CDT" name="Test" finished-at="2025-03-10T13:59:09 CDT" duration-ms="5612">
      <class name="test.HomePageTest">
        <test-method is-config="true" signature="setup()[pri:0, instance:test.HomePageTest@5c671d7f]" started-at="2025-03-10T13:59:03 CDT" name="setup" finished-at="2025-03-10T13:59:07 CDT" duration-ms="4336" status="PASS">
          <reporter-output>
          </reporter-output>
        </test-method> <!-- setup -->
        <test-method signature="navigateToAboutUsPage()[pri:0, instance:test.HomePageTest@5c671d7f]" started-at="2025-03-10T13:59:07 CDT" name="navigateToAboutUsPage" finished-at="2025-03-10T13:59:08 CDT" duration-ms="975" status="PASS">
          <reporter-output>
          </reporter-output>
        </test-method> <!-- navigateToAboutUsPage -->
        <test-method signature="verifyHomePageTitle()[pri:0, instance:test.HomePageTest@5c671d7f]" started-at="2025-03-10T13:59:08 CDT" name="verifyHomePageTitle" finished-at="2025-03-10T13:59:08 CDT" duration-ms="13" status="PASS">
          <reporter-output>
          </reporter-output>
        </test-method> <!-- verifyHomePageTitle -->
        <test-method is-config="true" signature="tearDown()[pri:0, instance:test.HomePageTest@5c671d7f]" started-at="2025-03-10T13:59:08 CDT" name="tearDown" finished-at="2025-03-10T13:59:09 CDT" duration-ms="258" status="PASS">
          <reporter-output>
          </reporter-output>
        </test-method> <!-- tearDown -->
      </class> <!-- test.HomePageTest -->
    </test> <!-- Test -->
  </suite> <!-- Suite -->
</testng-results>
