<?xml version="1.0" encoding="UTF-8"?>
<testng-results ignored="0" total="3" passed="3" failed="0" skipped="0">
  <reporter-output>
  </reporter-output>
  <suite started-at="2025-03-14T00:39:22 CDT" name="Suite" finished-at="2025-03-14T00:39:29 CDT" duration-ms="7324">
    <groups>
    </groups>
    <test started-at="2025-03-14T00:39:22 CDT" name="Test" finished-at="2025-03-14T00:39:29 CDT" duration-ms="7324">
      <class name="test.HomePageTest">
        <test-method is-config="true" signature="setup()[pri:0, instance:test.HomePageTest@6f46426d]" started-at="2025-03-14T00:39:22 CDT" name="setup" finished-at="2025-03-14T00:39:28 CDT" duration-ms="6039" status="PASS">
          <reporter-output>
          </reporter-output>
        </test-method> <!-- setup -->
        <test-method signature="title()[pri:0, instance:test.HomePageTest@6f46426d]" started-at="2025-03-14T00:39:28 CDT" name="title" finished-at="2025-03-14T00:39:28 CDT" duration-ms="23" status="PASS">
          <reporter-output>
          </reporter-output>
        </test-method> <!-- title -->
        <test-method signature="navigateToAboutUsPage()[pri:0, instance:test.HomePageTest@6f46426d]" started-at="2025-03-14T00:39:28 CDT" name="navigateToAboutUsPage" finished-at="2025-03-14T00:39:29 CDT" duration-ms="828" status="PASS">
          <reporter-output>
          </reporter-output>
        </test-method> <!-- navigateToAboutUsPage -->
        <test-method signature="verifyHomePageTitle()[pri:0, instance:test.HomePageTest@6f46426d]" started-at="2025-03-14T00:39:29 CDT" name="verifyHomePageTitle" finished-at="2025-03-14T00:39:29 CDT" duration-ms="13" status="PASS">
          <reporter-output>
          </reporter-output>
        </test-method> <!-- verifyHomePageTitle -->
        <test-method is-config="true" signature="tearDown()[pri:0, instance:test.HomePageTest@6f46426d]" started-at="2025-03-14T00:39:29 CDT" name="tearDown" finished-at="2025-03-14T00:39:29 CDT" duration-ms="367" status="PASS">
          <reporter-output>
          </reporter-output>
        </test-method> <!-- tearDown -->
      </class> <!-- test.HomePageTest -->
    </test> <!-- Test -->
  </suite> <!-- Suite -->
</testng-results>
