<?xml version="1.0" encoding="UTF-8"?>
<testng-results ignored="0" total="0" passed="0" failed="0" skipped="0">
  <reporter-output>
  </reporter-output>
  <suite started-at="2025-03-10T13:50:54 CDT" name="Default suite" finished-at="2025-03-10T13:50:54 CDT" duration-ms="15">
    <groups>
    </groups>
    <test started-at="2025-03-10T13:50:54 CDT" name="Default test" finished-at="2025-03-10T13:50:54 CDT" duration-ms="15">
    </test> <!-- Default test -->
  </suite> <!-- Default suite -->
</testng-results>
