<?xml version="1.0" encoding="UTF-8"?>
<testng-results ignored="0" total="3" passed="3" failed="0" skipped="0">
  <reporter-output>
  </reporter-output>
  <suite started-at="2025-03-14T00:26:23 CDT" name="Suite" finished-at="2025-03-14T00:26:33 CDT" duration-ms="9066">
    <groups>
    </groups>
    <test started-at="2025-03-14T00:26:23 CDT" name="Test" finished-at="2025-03-14T00:26:33 CDT" duration-ms="9066">
      <class name="test.HomePageTest">
        <test-method is-config="true" signature="setup()[pri:0, instance:test.HomePageTest@2118cddf]" started-at="2025-03-14T00:26:24 CDT" name="setup" finished-at="2025-03-14T00:26:31 CDT" duration-ms="7564" status="PASS">
          <reporter-output>
          </reporter-output>
        </test-method> <!-- setup -->
        <test-method signature="navigateToAboutUsPage()[pri:0, instance:test.HomePageTest@2118cddf]" started-at="2025-03-14T00:26:31 CDT" name="navigateToAboutUsPage" finished-at="2025-03-14T00:26:32 CDT" duration-ms="963" status="PASS">
          <reporter-output>
          </reporter-output>
        </test-method> <!-- navigateToAboutUsPage -->
        <test-method signature="verifyHomePageTitle()[pri:0, instance:test.HomePageTest@2118cddf]" started-at="2025-03-14T00:26:31 CDT" name="verifyHomePageTitle" finished-at="2025-03-14T00:26:31 CDT" duration-ms="25" status="PASS">
          <reporter-output>
          </reporter-output>
        </test-method> <!-- verifyHomePageTitle -->
        <test-method signature="title()[pri:0, instance:test.HomePageTest@2118cddf]" started-at="2025-03-14T00:26:31 CDT" name="title" finished-at="2025-03-14T00:26:31 CDT" duration-ms="47" status="PASS">
          <reporter-output>
          </reporter-output>
        </test-method> <!-- title -->
        <test-method is-config="true" signature="tearDown()[pri:0, instance:test.HomePageTest@2118cddf]" started-at="2025-03-14T00:26:32 CDT" name="tearDown" finished-at="2025-03-14T00:26:33 CDT" duration-ms="471" status="PASS">
          <reporter-output>
          </reporter-output>
        </test-method> <!-- tearDown -->
      </class> <!-- test.HomePageTest -->
    </test> <!-- Test -->
  </suite> <!-- Suite -->
</testng-results>
